  AssetManager.cpp
D:\Documents\Universidad\Universidad\Trimestre7\ProyectoFinal\Match3\AssetManager.cpp(1,10): fatal error C1083: Cannot open include file: 'SDL_image.h': No such file or directory
  AudioManager.cpp
D:\Documents\Universidad\Universidad\Trimestre7\ProyectoFinal\Match3\AssetManager.h(3,10): fatal error C1083: Cannot open include file: 'SDL.h': No such file or directory
  Button.cpp
D:\Documents\Universidad\Universidad\Trimestre7\ProyectoFinal\Match3\Platform.h(4,10): fatal error C1083: Cannot open include file: 'SDL.h': No such file or directory
  GameManager.cpp
D:\Documents\Universidad\Universidad\Trimestre7\ProyectoFinal\Match3\Platform.h(4,10): fatal error C1083: Cannot open include file: 'SDL.h': No such file or directory
  GameObject.cpp
D:\Documents\Universidad\Universidad\Trimestre7\ProyectoFinal\Match3\Platform.h(4,10): fatal error C1083: Cannot open include file: 'SDL.h': No such file or directory
  Image.cpp
D:\Documents\Universidad\Universidad\Trimestre7\ProyectoFinal\Match3\Image.h(3,10): fatal error C1083: Cannot open include file: 'SDL.h': No such file or directory
  Inicio.cpp
D:\Documents\Universidad\Universidad\Trimestre7\ProyectoFinal\Match3\Platform.h(4,10): fatal error C1083: Cannot open include file: 'SDL.h': No such file or directory
  List.cpp
  Match3.cpp
D:\Documents\Universidad\Universidad\Trimestre7\ProyectoFinal\Match3\Platform.h(4,10): fatal error C1083: Cannot open include file: 'SDL.h': No such file or directory
  MessageException.cpp
  NodeL.cpp
  NodeT.cpp
  NodoG.cpp
D:\Documents\Universidad\Universidad\Trimestre7\ProyectoFinal\Match3\Platform.h(4,10): fatal error C1083: Cannot open include file: 'SDL.h': No such file or directory
  NodoS.cpp
  Platform.cpp
D:\Documents\Universidad\Universidad\Trimestre7\ProyectoFinal\Match3\Platform.h(4,10): fatal error C1083: Cannot open include file: 'SDL.h': No such file or directory
  Stack.cpp
  StackAllocator.cpp
D:\Documents\Universidad\Universidad\Trimestre7\ProyectoFinal\Match3\StackAllocator.cpp(28,18): warning C4018: '<=': signed/unsigned mismatch
  State.cpp
D:\Documents\Universidad\Universidad\Trimestre7\ProyectoFinal\Match3\Platform.h(4,10): fatal error C1083: Cannot open include file: 'SDL.h': No such file or directory
  Text.cpp
D:\Documents\Universidad\Universidad\Trimestre7\ProyectoFinal\Match3\AssetManager.h(3,10): fatal error C1083: Cannot open include file: 'SDL.h': No such file or directory
  Tree.cpp
  Generating Code...
  Compiling...
  Vec2.cpp
D:\Documents\Universidad\Universidad\Trimestre7\ProyectoFinal\Match3\Vec2.cpp(107,19): warning C4244: 'argument': conversion from 'float' to 'int', possible loss of data
D:\Documents\Universidad\Universidad\Trimestre7\ProyectoFinal\Match3\Vec2.cpp(116,10): warning C4244: '=': conversion from 'double' to 'int', possible loss of data
D:\Documents\Universidad\Universidad\Trimestre7\ProyectoFinal\Match3\Vec2.cpp(117,9): warning C4244: 'return': conversion from 'int' to 'float', possible loss of data
  Vector.cpp
  Generating Code...
